Containers:
  [+] MainContainer:
   |            ID: 0x0000000000000000
   |        Bounds: IsValid=false, Min=(X=0.000 Y=0.000 Z=0.000), Max=(X=0.000 Y=0.000 Z=0.000)
   |     Transform: 0.000000,0.000000,0.000000|0.000000,0.000000,-0.000000|1.000000,1.000000,1.000000
   |     Container: /Game/ThirdPerson/Maps/ThirdPersonMap
   |  ActorDescs:
   |      - Guid:1C0AF23348EDC8E7072CBDB3D7F17704 Class:PostProcessVolume Name:PostProcessVolume_UAID_A8A15912DB32A86901_1955910607 SpatiallyLoaded:false Bounds:IsValid=true, Min=(X=10.000 Y=10.000 Z=2460.000), Max=(X=210.000 Y=210.000 Z=2660.000) RuntimeGrid:None EditorOnly:false LevelBoundsRelevant:false HLODRelevant:false FolderPath:None FolderGuid:B59235B141082E0249621684CF044246 Parent:00000000000000000000000000000000
   |      - Guid:20066CA747B71BD0A2D50FA5F24FCFE3 Class:SkyAtmosphere Name:SkyAtmosphere_UAID_3C7C3F1C3DD5525E01_2069063855 SpatiallyLoaded:false Bounds:IsValid=true, Min=(X=3210.000 Y=170.000 Z=2490.000), Max=(X=3210.000 Y=170.000 Z=2490.000) RuntimeGrid:None EditorOnly:false LevelBoundsRelevant:false HLODRelevant:false FolderPath:None FolderGuid:00000000000000000000000000000000 Parent:00000000000000000000000000000000
   |      - Guid:2FB58999456391D349DC0F86DAC136ED Class:SkyLight Name:SkyLight_1 SpatiallyLoaded:false Bounds:IsValid=true, Min=(X=0.000 Y=0.000 Z=2560.000), Max=(X=0.000 Y=0.000 Z=2560.000) RuntimeGrid:None EditorOnly:false LevelBoundsRelevant:false HLODRelevant:false FolderPath:Lighting FolderGuid:963EC3EB4002CCE9759E2EBA541A873A Parent:00000000000000000000000000000000
   |      - Guid:3A00AA1C422CE54C0BDB60BAF471BFBB Class:PlayerStart Name:PlayerStart_0 SpatiallyLoaded:false Bounds:IsValid=true, Min=(X=-1210.000 Y=-90.000 Z=2560.013), Max=(X=-1130.000 Y=-10.000 Z=2744.013) RuntimeGrid:None EditorOnly:false LevelBoundsRelevant:true HLODRelevant:false FolderPath:None FolderGuid:00000000000000000000000000000000 Parent:00000000000000000000000000000000
   |      - Guid:6BAF4DDD444C60371492D3919DB42C97 Class:WorldDataLayers Name:WorldDataLayers SpatiallyLoaded:false Bounds:IsValid=true, Min=(X=0.000 Y=0.000 Z=0.000), Max=(X=0.000 Y=0.000 Z=0.000) RuntimeGrid:None EditorOnly:false LevelBoundsRelevant:false HLODRelevant:false FolderPath:None FolderGuid:00000000000000000000000000000000 Parent:00000000000000000000000000000000
   |      - Guid:9393C70048B14CE8BF9914B724B5C37F Class:DirectionalLight Name:DirectionalLight_UAID_A8A15912DB32A86901_1955911608 SpatiallyLoaded:false Bounds:IsValid=true, Min=(X=-1048576.000 Y=-1048576.000 Z=-1048576.000), Max=(X=1048576.000 Y=1048576.000 Z=1048576.000) RuntimeGrid:None EditorOnly:false LevelBoundsRelevant:false HLODRelevant:false FolderPath:None FolderGuid:B59235B141082E0249621684CF044246 Parent:00000000000000000000000000000000
   |      - Guid:A5BADAA042C7A83B8CC4DAADF3112963 Class:PlayerStart Name:PlayerStart_UAID_A8A15912DB32D75B01_1826062095 SpatiallyLoaded:false Bounds:IsValid=true, Min=(X=1220.000 Y=260.000 Z=2720.013), Max=(X=1300.000 Y=340.000 Z=2904.013) RuntimeGrid:None EditorOnly:false LevelBoundsRelevant:true HLODRelevant:false FolderPath:None FolderGuid:00000000000000000000000000000000 Parent:00000000000000000000000000000000
   |      - Guid:B785ED2844B84CFB91E7F39FE661CD99 Class:DirectionalLight Name:DirectionalLight_0 SpatiallyLoaded:false Bounds:IsValid=true, Min=(X=-1048576.000 Y=-1048576.000 Z=-1048576.000), Max=(X=1048576.000 Y=1048576.000 Z=1048576.000) RuntimeGrid:None EditorOnly:false LevelBoundsRelevant:false HLODRelevant:false FolderPath:Lighting FolderGuid:963EC3EB4002CCE9759E2EBA541A873A Parent:00000000000000000000000000000000
   |      - Guid:B8577B05441B7F4FFA94C09981717602 Class:PostProcessVolume Name:PostProcessVolume_UAID_A8A15912DB26705C01_1486814023 SpatiallyLoaded:true Bounds:IsValid=true, Min=(X=-5000.000 Y=-5000.000 Z=-2440.000), Max=(X=5000.000 Y=5000.000 Z=7560.000) RuntimeGrid:None EditorOnly:false LevelBoundsRelevant:false HLODRelevant:false FolderPath:None FolderGuid:00000000000000000000000000000000 Parent:00000000000000000000000000000000
   |      - Guid:BA7B89644878221942881F899224C9F7 Class:SkyLight Name:SkyLight_UAID_A8A15912DB32A86901_1955912609 SpatiallyLoaded:false Bounds:IsValid=true, Min=(X=10.000 Y=10.000 Z=2560.000), Max=(X=10.000 Y=10.000 Z=2560.000) RuntimeGrid:None EditorOnly:false LevelBoundsRelevant:false HLODRelevant:false FolderPath:None FolderGuid:B59235B141082E0249621684CF044246 Parent:00000000000000000000000000000000
   |      - Guid:BAC6EEBA43F49206BC8483AEF0235AE1 Class:Actor Name:blu_planet_C_UAID_A8A15910FBE6435B01_2097263047 SpatiallyLoaded:true Bounds:IsValid=true, Min=(X=-5137.695 Y=-5839.372 Z=-147.467), Max=(X=5178.196 Y=5590.153 Z=5354.421) RuntimeGrid:None EditorOnly:false LevelBoundsRelevant:true HLODRelevant:false FolderPath:None FolderGuid:00000000000000000000000000000000 Parent:00000000000000000000000000000000
   |      - Guid:E59F8C564FCBA0297FD9A49066A8F475 Class:PlayerStart Name:PlayerStart_UAID_3C7C3F1C3DD5645E01_1544877023 SpatiallyLoaded:false Bounds:IsValid=true, Min=(X=840.000 Y=970.000 Z=2720.013), Max=(X=920.000 Y=1050.000 Z=2904.013) RuntimeGrid:None EditorOnly:false LevelBoundsRelevant:true HLODRelevant:false FolderPath:None FolderGuid:00000000000000000000000000000000 Parent:00000000000000000000000000000000
   |      - Guid:EB214405441BD7531BB08AB0782EC927 Class:PlayerStart Name:PlayerStart_UAID_3C7C3F1C3DD5645E01_1600889024 SpatiallyLoaded:false Bounds:IsValid=true, Min=(X=-250.000 Y=-1130.000 Z=2560.013), Max=(X=-170.000 Y=-1050.000 Z=2744.013) RuntimeGrid:None EditorOnly:false LevelBoundsRelevant:true HLODRelevant:false FolderPath:None FolderGuid:00000000000000000000000000000000 Parent:00000000000000000000000000000000
   |      - Guid:F5E3FEB3450C49844FD93DA8E083C8AD Class:PostProcessVolume Name:PostProcessVolume_0 SpatiallyLoaded:false Bounds:IsValid=true, Min=(X=0.000 Y=0.000 Z=2460.000), Max=(X=200.000 Y=200.000 Z=2660.000) RuntimeGrid:None EditorOnly:false LevelBoundsRelevant:false HLODRelevant:false FolderPath:Lighting FolderGuid:963EC3EB4002CCE9759E2EBA541A873A Parent:00000000000000000000000000000000
   |      - Guid:FEFF43C34E7E1F10CA955E8A018391E9 Class:StaticMeshActor Name:StaticMeshActor_UAID_A8A15912DC237C5C01_1814725138 SpatiallyLoaded:true Bounds:IsValid=true, Min=(X=-358620.415 Y=-475694.396 Z=-482471.588), Max=(X=490554.924 Y=373480.955 Z=366703.878) RuntimeGrid:None EditorOnly:false LevelBoundsRelevant:true HLODRelevant:true FolderPath:None FolderGuid:00000000000000000000000000000000 Parent:00000000000000000000000000000000
