Containers:
  [+] MainContainer:
   |            ID: 0x0000000000000000
   |        Bounds: IsValid=false, Min=(X=0.000 Y=0.000 Z=0.000), Max=(X=0.000 Y=0.000 Z=0.000)
   |     Transform: 0.000000,0.000000,0.000000|0.000000,0.000000,-0.000000|1.000000,1.000000,1.000000
   |     Container: /Game/ThirdPerson/Maps/ThirdPersonMap
   |  ActorDescs:
   |      - Guid:17B239EA4E5E3053FC3DB2A488CBAE0B Class:StaticMeshActor Name:StaticMeshActor_UAID_A8A15912DC237A5C01_1745226785 SpatiallyLoaded:true Bounds:IsValid=true, Min=(X=-5.760 Y=-187.722 Z=1423.280), Max=(X=205.057 Y=-0.047 Z=1672.910) RuntimeGrid:None EditorOnly:false LevelBoundsRelevant:true HLODRelevant:true FolderPath:None FolderGuid:00000000000000000000000000000000 Parent:00000000000000000000000000000000
   |      - Guid:2FB58999456391D349DC0F86DAC136ED Class:SkyLight Name:SkyLight_1 SpatiallyLoaded:false Bounds:IsValid=true, Min=(X=0.000 Y=0.000 Z=2190.000), Max=(X=0.000 Y=0.000 Z=2190.000) RuntimeGrid:None EditorOnly:false LevelBoundsRelevant:false HLODRelevant:false FolderPath:Lighting FolderGuid:963EC3EB4002CCE9759E2EBA541A873A Parent:00000000000000000000000000000000
   |      - Guid:3A00AA1C422CE54C0BDB60BAF471BFBB Class:PlayerStart Name:PlayerStart_0 SpatiallyLoaded:false Bounds:IsValid=true, Min=(X=10.000 Y=-90.000 Z=4760.013), Max=(X=90.000 Y=-10.000 Z=4944.013) RuntimeGrid:None EditorOnly:false LevelBoundsRelevant:true HLODRelevant:false FolderPath:None FolderGuid:00000000000000000000000000000000 Parent:00000000000000000000000000000000
   |      - Guid:4D3BE93F4146AAAC8BBE79999D96D57F Class:VolumetricCloud Name:VolumetricCloud_0 SpatiallyLoaded:false Bounds:IsValid=true, Min=(X=0.000 Y=0.000 Z=820.000), Max=(X=0.000 Y=0.000 Z=820.000) RuntimeGrid:None EditorOnly:false LevelBoundsRelevant:false HLODRelevant:false FolderPath:Lighting FolderGuid:963EC3EB4002CCE9759E2EBA541A873A Parent:00000000000000000000000000000000
   |      - Guid:6BAF4DDD444C60371492D3919DB42C97 Class:WorldDataLayers Name:WorldDataLayers SpatiallyLoaded:false Bounds:IsValid=true, Min=(X=0.000 Y=0.000 Z=0.000), Max=(X=0.000 Y=0.000 Z=0.000) RuntimeGrid:None EditorOnly:false LevelBoundsRelevant:false HLODRelevant:false FolderPath:None FolderGuid:00000000000000000000000000000000 Parent:00000000000000000000000000000000
   |      - Guid:A5BADAA042C7A83B8CC4DAADF3112963 Class:PlayerStart Name:PlayerStart_UAID_A8A15912DB32D75B01_1826062095 SpatiallyLoaded:false Bounds:IsValid=true, Min=(X=760.000 Y=260.000 Z=1460.013), Max=(X=840.000 Y=340.000 Z=1644.013) RuntimeGrid:None EditorOnly:false LevelBoundsRelevant:true HLODRelevant:false FolderPath:None FolderGuid:00000000000000000000000000000000 Parent:00000000000000000000000000000000
   |      - Guid:B785ED2844B84CFB91E7F39FE661CD99 Class:DirectionalLight Name:DirectionalLight_0 SpatiallyLoaded:false Bounds:IsValid=true, Min=(X=-1048576.000 Y=-1048576.000 Z=-1048576.000), Max=(X=1048576.000 Y=1048576.000 Z=1048576.000) RuntimeGrid:None EditorOnly:false LevelBoundsRelevant:false HLODRelevant:false FolderPath:Lighting FolderGuid:963EC3EB4002CCE9759E2EBA541A873A Parent:00000000000000000000000000000000
   |      - Guid:B8577B05441B7F4FFA94C09981717602 Class:PostProcessVolume Name:PostProcessVolume_UAID_A8A15912DB26705C01_1486814023 SpatiallyLoaded:true Bounds:IsValid=true, Min=(X=-5000.000 Y=-5000.000 Z=-5000.000), Max=(X=5000.000 Y=5000.000 Z=5000.000) RuntimeGrid:None EditorOnly:false LevelBoundsRelevant:false HLODRelevant:false FolderPath:None FolderGuid:00000000000000000000000000000000 Parent:00000000000000000000000000000000
   |      - Guid:BAC6EEBA43F49206BC8483AEF0235AE1 Class:Actor Name:blu_planet_C_UAID_A8A15910FBE6435B01_2097263047 SpatiallyLoaded:true Bounds:IsValid=true, Min=(X=-3046.469 Y=-2000.000 Z=-429.446), Max=(X=2940.198 Y=2000.000 Z=5534.999) RuntimeGrid:None EditorOnly:false LevelBoundsRelevant:true HLODRelevant:false FolderPath:None FolderGuid:00000000000000000000000000000000 Parent:00000000000000000000000000000000
   |      - Guid:BB29799B4B85A721CDDD2486EF485692 Class:NiagaraActor Name:NiagaraActor_UAID_A8A15912DC237A5C01_1733393784 SpatiallyLoaded:true Bounds:IsValid=true, Min=(X=-80.033 Y=-280.445 Z=1367.645), Max=(X=303.522 Y=76.410 Z=2140.230) RuntimeGrid:None EditorOnly:false LevelBoundsRelevant:true HLODRelevant:false FolderPath:None FolderGuid:00000000000000000000000000000000 Parent:00000000000000000000000000000000
   |      - Guid:EE0AB7CB42FF0F4917FCE791BCB72A4A Class:Actor Name:CoreBP_C_UAID_A8A15912DC23785C01_1639653431 SpatiallyLoaded:true Bounds:IsValid=true, Min=(X=44.625 Y=-235.375 Z=1534.625), Max=(X=55.375 Y=-224.625 Z=1545.375) RuntimeGrid:None EditorOnly:false LevelBoundsRelevant:true HLODRelevant:false FolderPath:None FolderGuid:00000000000000000000000000000000 Parent:00000000000000000000000000000000
   |      - Guid:F5E3FEB3450C49844FD93DA8E083C8AD Class:PostProcessVolume Name:PostProcessVolume_0 SpatiallyLoaded:false Bounds:IsValid=true, Min=(X=0.000 Y=0.000 Z=400.000), Max=(X=200.000 Y=200.000 Z=600.000) RuntimeGrid:None EditorOnly:false LevelBoundsRelevant:false HLODRelevant:false FolderPath:Lighting FolderGuid:963EC3EB4002CCE9759E2EBA541A873A Parent:00000000000000000000000000000000
   |      - Guid:FEFF43C34E7E1F10CA955E8A018391E9 Class:StaticMeshActor Name:StaticMeshActor_UAID_A8A15912DC237C5C01_1814725138 SpatiallyLoaded:true Bounds:IsValid=true, Min=(X=-358620.415 Y=-475694.396 Z=-482471.588), Max=(X=490554.924 Y=373480.955 Z=366703.878) RuntimeGrid:None EditorOnly:false LevelBoundsRelevant:true HLODRelevant:true FolderPath:None FolderGuid:00000000000000000000000000000000 Parent:00000000000000000000000000000000
